/*C12*/SET SCHEMA PUBLIC
alter table role_user drop constraint FKhvai2k29vlwpt9wod4sw4ghmn
alter table role_user drop constraint FKiqpmjd2qb4rdkej916ymonic6
drop table role if exists
drop table role_user if exists
drop table users if exists
create table role (rl_id integer generated by default as identity (start with 1), rl_name varchar(255), primary key (rl_id))
create table role_user (role_id integer not null, user_id integer not null)
create table users (user_id integer generated by default as identity (start with 1), enabled boolean, password varchar(255), username varchar(255), primary key (user_id))
alter table role_user add constraint FKhvai2k29vlwpt9wod4sw4ghmn foreign key (user_id) references users
alter table role_user add constraint FKiqpmjd2qb4rdkej916ymonic6 foreign key (role_id) references role
INSERT INTO ROLE VALUES(1,'ROLE_ADMIN')
COMMIT
INSERT INTO ROLE VALUES(2,'ROLE_USER')
COMMIT
INSERT INTO USERS VALUES(1,TRUE,'gatos','elizabeth')
INSERT INTO USERS VALUES(2,TRUE,'papi','alexis')
INSERT INTO USERS VALUES(3,TRUE,'mamita','isolina')
INSERT INTO USERS VALUES(4,TRUE,'carneiuu','gabisita')
COMMIT
